# JRE version: Java(TM) SE Runtime Environment (8.0_101-b13) (build 1.8.0_101-b13)
# Java VM: Java HotSpot(TM) 64-Bit Server VM (25.101-b13 mixed mode windows-amd64 compressed oops)
Heap:
 PSYoungGen      total 206336K, used 137160K [0x00000000eab00000, 0x00000000f8a80000, 0x0000000100000000)
  eden space 193024K, 67% used [0x00000000eab00000,0x00000000f29a1ff8,0x00000000f6780000)
  from space 13312K, 56% used [0x00000000f7d80000,0x00000000f84d03b8,0x00000000f8a80000)
  to   space 17920K, 0% used [0x00000000f6780000,0x00000000f6780000,0x00000000f7900000)
 ParOldGen       total 105984K, used 60776K [0x00000000c0000000, 0x00000000c6780000, 0x00000000eab00000)
  object space 105984K, 57% used [0x00000000c0000000,0x00000000c3b5a2c8,0x00000000c6780000)
 Metaspace       used 85108K, capacity 96720K, committed 97056K, reserved 1132544K
  class space    used 10938K, capacity 14258K, committed 14380K, reserved 1048576K
GC Heap History (10 events):
Event: 129.900 GC heap before
{Heap before GC invocations=30 (full 3):
 PSYoungGen      total 153600K, used 148284K [0x00000000eab00000, 0x00000000f5180000, 0x0000000100000000)
  eden space 137728K, 100% used [0x00000000eab00000,0x00000000f3180000,0x00000000f3180000)
  from space 15872K, 66% used [0x00000000f4180000,0x00000000f4bcf268,0x00000000f5100000)
  to   space 16384K, 0% used [0x00000000f3180000,0x00000000f3180000,0x00000000f4180000)
 ParOldGen       total 69120K, used 40842K [0x00000000c0000000, 0x00000000c4380000, 0x00000000eab00000)
  object space 69120K, 59% used [0x00000000c0000000,0x00000000c27e2bd8,0x00000000c4380000)
 Metaspace       used 70487K, capacity 79682K, committed 79776K, reserved 1118208K
  class space    used 9219K, capacity 11893K, committed 11948K, reserved 1048576K
Event: 129.990 GC heap after
Heap after GC invocations=30 (full 3):
 PSYoungGen      total 154112K, used 13409K [0x00000000eab00000, 0x00000000f7180000, 0x0000000100000000)
  eden space 137728K, 0% used [0x00000000eab00000,0x00000000eab00000,0x00000000f3180000)
  from space 16384K, 81% used [0x00000000f3180000,0x00000000f3e984b0,0x00000000f4180000)
  to   space 17920K, 0% used [0x00000000f6000000,0x00000000f6000000,0x00000000f7180000)
 ParOldGen       total 69120K, used 45189K [0x00000000c0000000, 0x00000000c4380000, 0x00000000eab00000)
  object space 69120K, 65% used [0x00000000c0000000,0x00000000c2c214e0,0x00000000c4380000)
 Metaspace       used 70487K, capacity 79682K, committed 79776K, reserved 1118208K
  class space    used 9219K, capacity 11893K, committed 11948K, reserved 1048576K
}
Event: 137.293 GC heap before
{Heap before GC invocations=31 (full 3):
 PSYoungGen      total 154112K, used 151137K [0x00000000eab00000, 0x00000000f7180000, 0x0000000100000000)
  eden space 137728K, 100% used [0x00000000eab00000,0x00000000f3180000,0x00000000f3180000)
  from space 16384K, 81% used [0x00000000f3180000,0x00000000f3e984b0,0x00000000f4180000)
  to   space 17920K, 0% used [0x00000000f6000000,0x00000000f6000000,0x00000000f7180000)
 ParOldGen       total 69120K, used 45189K [0x00000000c0000000, 0x00000000c4380000, 0x00000000eab00000)
  object space 69120K, 65% used [0x00000000c0000000,0x00000000c2c214e0,0x00000000c4380000)
 Metaspace       used 77708K, capacity 87634K, committed 87840K, reserved 1124352K
  class space    used 10003K, capacity 12744K, committed 12844K, reserved 1048576K
Event: 137.383 GC heap after
Heap after GC invocations=31 (full 3):
 PSYoungGen      total 183296K, used 13622K [0x00000000eab00000, 0x00000000f7180000, 0x0000000100000000)
  eden space 165376K, 0% used [0x00000000eab00000,0x00000000eab00000,0x00000000f4c80000)
  from space 17920K, 76% used [0x00000000f6000000,0x00000000f6d4d848,0x00000000f7180000)
  to   space 18944K, 0% used [0x00000000f4c80000,0x00000000f4c80000,0x00000000f5f00000)
 ParOldGen       total 69120K, used 48972K [0x00000000c0000000, 0x00000000c4380000, 0x00000000eab00000)
  object space 69120K, 70% used [0x00000000c0000000,0x00000000c2fd31a8,0x00000000c4380000)
 Metaspace       used 77708K, capacity 87634K, committed 87840K, reserved 1124352K
  class space    used 10003K, capacity 12744K, committed 12844K, reserved 1048576K
}
Event: 140.531 GC heap before
{Heap before GC invocations=32 (full 3):
 PSYoungGen      total 183296K, used 130788K [0x00000000eab00000, 0x00000000f7180000, 0x0000000100000000)
  eden space 165376K, 70% used [0x00000000eab00000,0x00000000f1d6baa0,0x00000000f4c80000)
  from space 17920K, 76% used [0x00000000f6000000,0x00000000f6d4d848,0x00000000f7180000)
  to   space 18944K, 0% used [0x00000000f4c80000,0x00000000f4c80000,0x00000000f5f00000)
 ParOldGen       total 69120K, used 48972K [0x00000000c0000000, 0x00000000c4380000, 0x00000000eab00000)
  object space 69120K, 70% used [0x00000000c0000000,0x00000000c2fd31a8,0x00000000c4380000)
 Metaspace       used 79562K, capacity 90030K, committed 90080K, reserved 1126400K
  class space    used 10271K, capacity 13308K, committed 13356K, reserved 1048576K
Event: 140.603 GC heap after
Heap after GC invocations=32 (full 3):
 PSYoungGen      total 184320K, used 2814K [0x00000000eab00000, 0x00000000f9000000, 0x0000000100000000)
  eden space 165376K, 0% used [0x00000000eab00000,0x00000000eab00000,0x00000000f4c80000)
  from space 18944K, 14% used [0x00000000f4c80000,0x00000000f4f3f8c0,0x00000000f5f00000)
  to   space 18944K, 0% used [0x00000000f7d80000,0x00000000f7d80000,0x00000000f9000000)
 ParOldGen       total 69120K, used 62032K [0x00000000c0000000, 0x00000000c4380000, 0x00000000eab00000)
  object space 69120K, 89% used [0x00000000c0000000,0x00000000c3c94138,0x00000000c4380000)
 Metaspace       used 79562K, capacity 90030K, committed 90080K, reserved 1126400K
  class space    used 10271K, capacity 13308K, committed 13356K, reserved 1048576K
}
Event: 140.603 GC heap before
{Heap before GC invocations=33 (full 4):
 PSYoungGen      total 184320K, used 2814K [0x00000000eab00000, 0x00000000f9000000, 0x0000000100000000)
  eden space 165376K, 0% used [0x00000000eab00000,0x00000000eab00000,0x00000000f4c80000)
  from space 18944K, 14% used [0x00000000f4c80000,0x00000000f4f3f8c0,0x00000000f5f00000)
  to   space 18944K, 0% used [0x00000000f7d80000,0x00000000f7d80000,0x00000000f9000000)
 ParOldGen       total 69120K, used 62032K [0x00000000c0000000, 0x00000000c4380000, 0x00000000eab00000)
  object space 69120K, 89% used [0x00000000c0000000,0x00000000c3c94138,0x00000000c4380000)
 Metaspace       used 79562K, capacity 90030K, committed 90080K, reserved 1126400K
  class space    used 10271K, capacity 13308K, committed 13356K, reserved 1048576K
Event: 141.774 GC heap after
Heap after GC invocations=33 (full 4):
 PSYoungGen      total 184320K, used 0K [0x00000000eab00000, 0x00000000f9000000, 0x0000000100000000)
  eden space 165376K, 0% used [0x00000000eab00000,0x00000000eab00000,0x00000000f4c80000)
  from space 18944K, 0% used [0x00000000f4c80000,0x00000000f4c80000,0x00000000f5f00000)
  to   space 18944K, 0% used [0x00000000f7d80000,0x00000000f7d80000,0x00000000f9000000)
 ParOldGen       total 105984K, used 60768K [0x00000000c0000000, 0x00000000c6780000, 0x00000000eab00000)
  object space 105984K, 57% used [0x00000000c0000000,0x00000000c3b582c8,0x00000000c6780000)
 Metaspace       used 79562K, capacity 90030K, committed 90080K, reserved 1126400K
  class space    used 10271K, capacity 13308K, committed 13356K, reserved 1048576K
}
Event: 151.959 GC heap before
{Heap before GC invocations=34 (full 4):
 PSYoungGen      total 184320K, used 165376K [0x00000000eab00000, 0x00000000f9000000, 0x0000000100000000)
  eden space 165376K, 100% used [0x00000000eab00000,0x00000000f4c80000,0x00000000f4c80000)
  from space 18944K, 0% used [0x00000000f4c80000,0x00000000f4c80000,0x00000000f5f00000)
  to   space 18944K, 0% used [0x00000000f7d80000,0x00000000f7d80000,0x00000000f9000000)
 ParOldGen       total 105984K, used 60768K [0x00000000c0000000, 0x00000000c6780000, 0x00000000eab00000)
  object space 105984K, 57% used [0x00000000c0000000,0x00000000c3b582c8,0x00000000c6780000)
 Metaspace       used 82860K, capacity 94282K, committed 94368K, reserved 1130496K
  class space    used 10672K, capacity 13966K, committed 13996K, reserved 1048576K
Event: 152.044 GC heap after
Heap after GC invocations=34 (full 4):
 PSYoungGen      total 206336K, used 7488K [0x00000000eab00000, 0x00000000f8a80000, 0x0000000100000000)
  eden space 193024K, 0% used [0x00000000eab00000,0x00000000eab00000,0x00000000f6780000)
  from space 13312K, 56% used [0x00000000f7d80000,0x00000000f84d03b8,0x00000000f8a80000)
  to   space 17920K, 0% used [0x00000000f6780000,0x00000000f6780000,0x00000000f7900000)
 ParOldGen       total 105984K, used 60776K [0x00000000c0000000, 0x00000000c6780000, 0x00000000eab00000)
  object space 105984K, 57% used [0x00000000c0000000,0x00000000c3b5a2c8,0x00000000c6780000)
 Metaspace       used 82860K, capacity 94282K, committed 94368K, reserved 1130496K
  class space    used 10672K, capacity 13966K, committed 13996K, reserved 1048576K
}

